C51 COMPILER V9.01   LCDCONTROL                                                            07/27/2021 22:06:55 PAGE 1   


C51 COMPILER V9.01, COMPILATION OF MODULE LCDCONTROL
OBJECT MODULE PLACED IN LCDcontrol.OBJ
COMPILER INVOKED BY: S:\Keil\C51\BIN\C51.EXE LCDcontrol.c LARGE BROWSE DEBUG OBJECTEXTEND

line level    source

   1          #include <reg52.h>
   2          
   3          #define LCD1602_DATAPINS P0
   4          sbit LCD1602_E =P3^4;
   5          sbit LCD1602_RW=P3^6;
   6          sbit LCD1602_RS=P3^5;
   7          //延时
   8          extern void delay(unsigned int n,unsigned char mode);
   9          //PWM
  10          extern unsigned char PWM_LEVEL_1;
  11          extern unsigned char PWM_LEVEL_2;
  12          //US
  13          extern unsigned int Distance;
  14          
  15          unsigned char i;
  16          unsigned char MN[] ="Manual    ";
  17          unsigned char FT[] ="FindTrack ";
  18          unsigned char AA[] ="AutoAvoid ";
  19          unsigned char AF[] ="AutoFollow";
  20          
  21          void LcdWriteCom(unsigned char com)       //写入命令
  22          {
  23   1              LCD1602_E = 0;     //使能
  24   1              LCD1602_RS = 0;    //选择发送命令
  25   1              LCD1602_RW = 0;    //选择写入
  26   1              
  27   1              LCD1602_DATAPINS = com;     //放入命令
  28   1              delay(1,0);             //等待数据稳定
  29   1      
  30   1              LCD1602_E = 1;            //写入时序
  31   1              delay(5,0);       //保持时间
  32   1              LCD1602_E = 0;
  33   1      }                  
  34           
  35          void LcdWriteData(unsigned char dat)                    //写入数据
  36          {
  37   1              LCD1602_E = 0;  //使能清零
  38   1              LCD1602_RS = 1; //选择输入数据
  39   1              LCD1602_RW = 0; //选择写入
  40   1      
  41   1              LCD1602_DATAPINS = dat; //写入数据
  42   1              delay(1,0);
  43   1      
  44   1              LCD1602_E = 1;   //写入时序
  45   1              delay(5,0);   //保持时间
  46   1              LCD1602_E = 0;
  47   1      }
  48          
  49          void lcd_manual()
  50          {
  51   1              LcdWriteCom(0x80+0x06);
  52   1              for(i=0;i<10;i++)
  53   1              {
  54   2                      LcdWriteData(MN[i]);
  55   2              }
C51 COMPILER V9.01   LCDCONTROL                                                            07/27/2021 22:06:55 PAGE 2   

  56   1      }
  57          void lcd_speed()
  58          {
  59   1              LcdWriteCom(0x80+0x40+0x07);
  60   1              switch(PWM_LEVEL_1)
  61   1              {
  62   2                      case 2  :LcdWriteData('1');break;
  63   2                      case 4  :LcdWriteData('2');break;
  64   2                      case 6  :LcdWriteData('3');break;
  65   2                      case 8  :LcdWriteData('4');break;
  66   2                      case 10 :LcdWriteData('5');break;
  67   2              }
  68   1      }
  69          void lcd_find_track()
  70          {
  71   1              LcdWriteCom(0x80+0x06);
  72   1              for(i=0;i<10;i++)
  73   1              {
  74   2                      LcdWriteData(FT[i]);
  75   2              }
  76   1      }
  77          void lcd_auto_avoid()
  78          {
  79   1              LcdWriteCom(0x80+0x06);
  80   1              for(i=0;i<10;i++)
  81   1              {
  82   2                      LcdWriteData(AA[i]);          
  83   2              }
  84   1      }
  85          void lcd_auto_follow()
  86          {
  87   1              LcdWriteCom(0x80+0x06);
  88   1              for(i=0;i<10;i++)
  89   1              {
  90   2                      LcdWriteData(AF[i]);
  91   2              }
  92   1      }
  93          void lcd_Distance()
  94          {
  95   1              LcdWriteCom(0x80+0x40+0x09);
  96   1              LcdWriteData((Distance/1000)%10+48);
  97   1              LcdWriteData((Distance/100)%10+48);
  98   1              LcdWriteData((Distance/10)%10+48);
  99   1              LcdWriteData(Distance%10+48);
 100   1      }                  
 101          void LcdInit()  
 102          {
 103   1              unsigned char words_1[]="Mode:";        
 104   1              unsigned char words_2[]="Speed:";       
 105   1              LcdWriteCom(0x38);  //开显示
 106   1              LcdWriteCom(0x0c);  //开显示不显示光标
 107   1              LcdWriteCom(0x06);  //写一个指针加1
 108   1              LcdWriteCom(0x01);  //清屏
 109   1              LcdWriteCom(0x80);  //设置数据指针起点
 110   1      
 111   1              for(i=0;i<5;i++)
 112   1              {
 113   2                      LcdWriteData(words_1[i]);
 114   2              }
 115   1              lcd_manual();
 116   1              LcdWriteCom(0x80+0x40);
 117   1              for(i=0;i<6;i++)
C51 COMPILER V9.01   LCDCONTROL                                                            07/27/2021 22:06:55 PAGE 3   

 118   1              {
 119   2                      LcdWriteData(words_2[i]);
 120   2              }
 121   1              LcdWriteCom(0x80+0x40+0x07);
 122   1              LcdWriteData('3');
 123   1      
 124   1              lcd_Distance();
 125   1      }


MODULE INFORMATION:   STATIC OVERLAYABLE
   CODE SIZE        =    521    ----
   CONSTANT SIZE    =     13    ----
   XDATA SIZE       =     45      13
   PDATA SIZE       =   ----    ----
   DATA SIZE        =   ----    ----
   IDATA SIZE       =   ----    ----
   BIT SIZE         =   ----    ----
END OF MODULE INFORMATION.


C51 COMPILATION COMPLETE.  0 WARNING(S),  0 ERROR(S)
