C51 COMPILER V9.60.0.0   PWMCONTROL                                                        09/01/2022 19:19:40 PAGE 1   


C51 COMPILER V9.60.0.0, COMPILATION OF MODULE PWMCONTROL
OBJECT MODULE PLACED IN PWMcontrol.OBJ
COMPILER INVOKED BY: C:\Keil_v5_c51\C51\BIN\C51.EXE PWMcontrol.c OPTIMIZE(8,SPEED) BROWSE DEBUG OBJECTEXTEND TABS(2)

line level    source

   1          #include <reg52.h>
   2          
   3          unsigned char PWM_LEVEL_1=8;//2  4 6 8 10 五挡
   4          unsigned char PWM_LEVEL_2=8;
   5          unsigned char COUNT_INTERRUPT=0;
   6          
   7          sbit EM1_P=P1^5;
   8          sbit EM2_P=P1^6;
   9          
  10          
  11          void InitPWM()
  12          {
  13   1      //        T2MOD=0;  //配置定时器2控制寄存器，这里其实不用配置，T2CON上电默认就是0
  14   1      //        T2CON=0;  //配置定时器2工作模式寄存器，这里其实不用配置，T2MOD上电默认就是0
  15   1              TH2=(65536-1000)/256;                        //定时器2赋初值
  16   1              TL2=(65536-1000)%256;                        //1ms                                       
  17   1              ET2=1;                        //开定时器2中断
  18   1              EA=1;
  19   1              TR2=1;                        //启动定时器2
  20   1      }
  21          
  22          
  23          void PWM() interrupt 5
  24          {
  25   1          TF2=0;        //!!!注意!!! 定时器2必须由软件对溢出标志位清零，硬件不能清零
  26   1        TH2=(65536-1000)/256;                        //定时器2赋初值
  27   1          TL2=(65536-1000)%256;
  28   1          COUNT_INTERRUPT++;        
  29   1      
  30   1        if(COUNT_INTERRUPT==10)COUNT_INTERRUPT=0,EM2_P=1,EM1_P=1;
  31   1      
  32   1        if(COUNT_INTERRUPT==0)EM1_P=1,EM2_P=1;
  33   1        if(COUNT_INTERRUPT==(PWM_LEVEL_1-1))EM1_P=0;
  34   1        if(COUNT_INTERRUPT==PWM_LEVEL_2)EM2_P=0;
  35   1      }


MODULE INFORMATION:   STATIC OVERLAYABLE
   CODE SIZE        =     67    ----
   CONSTANT SIZE    =   ----    ----
   XDATA SIZE       =   ----    ----
   PDATA SIZE       =   ----    ----
   DATA SIZE        =      3    ----
   IDATA SIZE       =   ----    ----
   BIT SIZE         =   ----    ----
END OF MODULE INFORMATION.


C51 COMPILATION COMPLETE.  0 WARNING(S),  0 ERROR(S)
